Arguments: 
  C:\Program Files\nodejs\node.exe C:\Users\joys\AppData\Roaming\npm\node_modules\yarn\bin\yarn.js add nodemailer

PATH: 
  C:\Program Files\Common Files\Oracle\Java\javapath;C:\windows\system32;C:\windows;C:\windows\System32\Wbem;C:\windows\System32\WindowsPowerShell\v1.0\;C:\windows\System32\OpenSSH\;C:\Program Files (x86)\Pulse Secure\VC142.CRT\X64\;C:\Program Files (x86)\Pulse Secure\VC142.CRT\X86\;C:\Program Files\nodejs\;C:\Program Files\Java\jre1.8.0_341\bin;C:\Program Files\Git\cmd;C:\Users\joys\AppData\Local\Microsoft\WindowsApps;C:\Users\joys\AppData\Local\GitHubDesktop\bin;C:\Users\joys\AppData\Local\Programs\Microsoft VS Code\bin;C:\Users\joys\AppData\Roaming\npm

Yarn version: 
  1.22.19

Node version: 
  16.17.0

Platform: 
  win32 x64

Trace: 
  Error: https://registry.npmjs.org/nodemailer: tunneling socket could not be established, cause=getaddrinfo EAI_AGAIN web-proxy.corp.hpecorp.net
      at ClientRequest.onError (C:\Users\joys\AppData\Roaming\npm\node_modules\yarn\lib\cli.js:152376:17)
      at Object.onceWrapper (node:events:628:26)
      at ClientRequest.emit (node:events:513:28)
      at Socket.socketErrorListener (node:_http_client:481:9)
      at Socket.emit (node:events:513:28)
      at emitErrorNT (node:internal/streams/destroy:157:8)
      at emitErrorCloseNT (node:internal/streams/destroy:122:3)
      at processTicksAndRejections (node:internal/process/task_queues:83:21)

npm manifest: 
  {
    "name": "nodemailer-app",
    "version": "1.0.0",
    "description": "",
    "main": "index.js",
    "scripts": {
      "test": "echo \"Error: no test specified\" && exit 1",
      "start": "node index.js"
    },
    "repository": {
      "type": "git",
      "url": "git+https://github.com/sonyalphy/NodeMailer-App.git"
    },
    "author": "Sony Joy",
    "license": "ISC",
    "bugs": {
      "url": "https://github.com/sonyalphy/NodeMailer-App/issues"
    },
    "homepage": "https://github.com/sonyalphy/NodeMailer-App#readme"
  }

yarn manifest: 
  No manifest

Lockfile: 
  No lockfile
